[debug] [2024-11-30T20:32:09.118Z] ----------------------------------------------------------------------
[debug] [2024-11-30T20:32:09.122Z] Command:       C:\Program Files\nodejs\node.exe C:\Users\fabri\AppData\Roaming\npm\node_modules\firebase-tools\lib\bin\firebase.js init
[debug] [2024-11-30T20:32:09.122Z] CLI Version:   13.27.0
[debug] [2024-11-30T20:32:09.123Z] Platform:      win32
[debug] [2024-11-30T20:32:09.123Z] Node Version:  v20.16.0
[debug] [2024-11-30T20:32:09.123Z] Time:          Sat Nov 30 2024 15:32:09 GMT-0500 (hora de Ecuador)
[debug] [2024-11-30T20:32:09.123Z] ----------------------------------------------------------------------
[debug] 
[debug] [2024-11-30T20:32:09.205Z] > command requires scopes: ["email","openid","https://www.googleapis.com/auth/cloudplatformprojects.readonly","https://www.googleapis.com/auth/firebase","https://www.googleapis.com/auth/cloud-platform"]
[debug] [2024-11-30T20:32:09.205Z] > authorizing via signed-in user (proyectommm9@gmail.com)
[info] 
     ######## #### ########  ######## ########     ###     ######  ########
     ##        ##  ##     ## ##       ##     ##  ##   ##  ##       ##
     ######    ##  ########  ######   ########  #########  ######  ######
     ##        ##  ##    ##  ##       ##     ## ##     ##       ## ##
     ##       #### ##     ## ######## ########  ##     ##  ######  ########

You're about to initialize a Firebase project in this directory:

  C:\Users\fabri\Desktop\SistemaMMM\sistema-control

Before we get started, keep in mind:

  * You are initializing within an existing Firebase project directory

